<?xml version="1.0" encoding="UTF-8" ?>
<testsuite tests="3" failures="0" name="shardingsphere.workshop.parser.engine.ParseEngineTest" time="0.577" errors="0" skipped="0">
  <properties>
    <property name="os.detected.version" value="10.0"/>
    <property name="idea.version" value="2018.3.6"/>
    <property name="java.runtime.name" value="Java(TM) SE Runtime Environment"/>
    <property name="sun.boot.library.path" value="D:\software\jdk1.8.0_60\jre\bin"/>
    <property name="java.vm.version" value="25.60-b23"/>
    <property name="java.vm.vendor" value="Oracle Corporation"/>
    <property name="java.vendor.url" value="http://java.oracle.com/"/>
    <property name="os.detected.version.minor" value="0"/>
    <property name="path.separator" value=";"/>
    <property name="guice.disable.misplaced.annotation.check" value="true"/>
    <property name="java.vm.name" value="Java HotSpot(TM) 64-Bit Server VM"/>
    <property name="file.encoding.pkg" value="sun.io"/>
    <property name="user.script" value=""/>
    <property name="user.country" value="CN"/>
    <property name="sun.java.launcher" value="SUN_STANDARD"/>
    <property name="sun.os.patch.level" value=""/>
    <property name="java.vm.specification.name" value="Java Virtual Machine Specification"/>
    <property name="user.dir" value="D:\code\workshop20200415\sharding-parser"/>
    <property name="java.runtime.version" value="1.8.0_60-b27"/>
    <property name="java.awt.graphicsenv" value="sun.awt.Win32GraphicsEnvironment"/>
    <property name="java.endorsed.dirs" value="D:\software\jdk1.8.0_60\jre\lib\endorsed"/>
    <property name="os.arch" value="amd64"/>
    <property name="java.io.tmpdir" value="C:\Users\GAOFEN~1\AppData\Local\Temp\"/>
    <property name="line.separator" value="
"/>
    <property name="java.vm.specification.vendor" value="Oracle Corporation"/>
    <property name="user.variant" value=""/>
    <property name="os.detected.version.major" value="10"/>
    <property name="os.name" value="Windows 10"/>
    <property name="os.detected.classifier" value="windows-x86_64"/>
    <property name="classworlds.conf" value="D:\software\apache-maven-3.0.5\bin\m2.conf"/>
    <property name="sun.jnu.encoding" value="GBK"/>
    <property name="java.library.path" value="D:\software\jdk1.8.0_60\bin;C:\windows\Sun\Java\bin;C:\windows\system32;C:\windows;C:\windows\system32;C:\windows;C:\windows\System32\Wbem;C:\windows\System32\WindowsPowerShell\v1.0\;C:\windows\System32\OpenSSH\;D:\Git\cmd;D:\scala\bin;C:\Program Files (x86)\Windows Kits\8.1\Windows Performance Toolkit\;D:\node\;D:\Anaconda3;D:\Anaconda3\Scripts;D:\Anaconda3\Library\bin;C:\Users\gaofeng121\AppData\Local\Microsoft\WindowsApps;D:\software\jdk1.8.0_60\bin;D:\software\jdk1.8.0_60\jre\bin;D:\neo4j-community-3.5.6\bin;D:\hadoop-2.6.4\bin;D:\spark-2.3.0-bin-hadoop2.6\bin;D:\janusgraph-0.3.2-hadoop2\janusgraph-0.3.2-hadoop2\elasticsearch\bin;D:\software\apache-maven-3.0.5\bin;;E:\PyCharm 2019.2.4\bin;;C:\Users\gaofeng121\AppData\Roaming\npm;E:\Microsoft VS Code Insiders\bin;."/>
    <property name="os.detected.arch" value="x86_64"/>
    <property name="java.specification.name" value="Java Platform API Specification"/>
    <property name="java.class.version" value="52.0"/>
    <property name="sun.management.compiler" value="HotSpot 64-Bit Tiered Compilers"/>
    <property name="os.detected.name" value="windows"/>
    <property name="os.version" value="10.0"/>
    <property name="user.home" value="C:\Users\gaofeng121"/>
    <property name="user.timezone" value="Asia/Shanghai"/>
    <property name="java.awt.printerjob" value="sun.awt.windows.WPrinterJob"/>
    <property name="java.specification.version" value="1.8"/>
    <property name="file.encoding" value="UTF-8"/>
    <property name="user.name" value="gaofeng121"/>
    <property name="java.class.path" value="D:\software\apache-maven-3.0.5\boot\plexus-classworlds-2.4.jar;E:\IntelliJ IDEA 2018.3.6\lib\idea_rt.jar"/>
    <property name="java.vm.specification.version" value="1.8"/>
    <property name="sun.arch.data.model" value="64"/>
    <property name="java.home" value="D:\software\jdk1.8.0_60\jre"/>
    <property name="sun.java.command" value="org.codehaus.classworlds.Launcher -Didea.version=2018.3.6 install"/>
    <property name="java.specification.vendor" value="Oracle Corporation"/>
    <property name="user.language" value="zh"/>
    <property name="awt.toolkit" value="sun.awt.windows.WToolkit"/>
    <property name="java.vm.info" value="mixed mode"/>
    <property name="java.version" value="1.8.0_60"/>
    <property name="java.ext.dirs" value="D:\software\jdk1.8.0_60\jre\lib\ext;C:\windows\Sun\Java\lib\ext"/>
    <property name="sun.boot.class.path" value="D:\software\jdk1.8.0_60\jre\lib\resources.jar;D:\software\jdk1.8.0_60\jre\lib\rt.jar;D:\software\jdk1.8.0_60\jre\lib\sunrsasign.jar;D:\software\jdk1.8.0_60\jre\lib\jsse.jar;D:\software\jdk1.8.0_60\jre\lib\jce.jar;D:\software\jdk1.8.0_60\jre\lib\charsets.jar;D:\software\jdk1.8.0_60\jre\lib\jfr.jar;D:\software\jdk1.8.0_60\jre\classes"/>
    <property name="java.vendor" value="Oracle Corporation"/>
    <property name="maven.home" value="D:\software\apache-maven-3.0.5"/>
    <property name="file.separator" value="\"/>
    <property name="java.vendor.url.bug" value="http://bugreport.sun.com/bugreport/"/>
    <property name="sun.cpu.endian" value="little"/>
    <property name="sun.io.unicode.encoding" value="UnicodeLittle"/>
    <property name="sun.desktop" value="windows"/>
    <property name="sun.cpu.isalist" value="amd64"/>
  </properties>
  <testcase classname="shardingsphere.workshop.parser.engine.ParseEngineTest" name="testParse" time="0.446"/>
  <testcase classname="shardingsphere.workshop.parser.engine.ParseEngineTest" name="testInsert" time="0.014"/>
  <testcase classname="shardingsphere.workshop.parser.engine.ParseEngineTest" name="testSelect" time="0.009"/>
</testsuite>